data.reorganized/GBPNZD switched 12140 times during split
data.reorganized/GBPNZD merged
data.reorganized/GBPNZD switched 13 times during split
data.reorganized/GBPNZD merged
data.reorganized/GBPNZD switched 5 times during split
data.reorganized/GBPNZD merged
data.reorganized/GBPNZD switched 2 times during split
data.reorganized/GBPNZD merged
data.reorganized/GBPNZD switched 1 times during split
data.reorganized/GBPNZD merged
data.reorganized/GBPNZD switched 0 times during split
data.reorganized/GBPNZD: 0 duplicates removed

data.reorganized/USDJPY switched 21798 times during split
data.reorganized/USDJPY merged
data.reorganized/USDJPY switched 6055 times during split
data.reorganized/USDJPY merged
data.reorganized/USDJPY switched 3023 times during split
data.reorganized/USDJPY merged
data.reorganized/USDJPY switched 1506 times during split
data.reorganized/USDJPY merged
data.reorganized/USDJPY switched 749 times during split
data.reorganized/USDJPY merged
data.reorganized/USDJPY switched 374 times during split
data.reorganized/USDJPY merged
data.reorganized/USDJPY switched 186 times during split
data.reorganized/USDJPY merged
data.reorganized/USDJPY switched 91 times during split
data.reorganized/USDJPY merged
data.reorganized/USDJPY switched 44 times during split
data.reorganized/USDJPY merged
data.reorganized/USDJPY switched 14 times during split
data.reorganized/USDJPY merged
data.reorganized/USDJPY switched 7 times during split
data.reorganized/USDJPY merged
data.reorganized/USDJPY switched 3 times during split
data.reorganized/USDJPY merged
data.reorganized/USDJPY switched 1 times during split
data.reorganized/USDJPY merged
data.reorganized/USDJPY switched 0 times during split
data.reorganized/USDJPY: 4832783 duplicates removed

data.reorganized/NZDCHF switched 6588 times during split
data.reorganized/NZDCHF merged
data.reorganized/NZDCHF switched 13 times during split
data.reorganized/NZDCHF merged
data.reorganized/NZDCHF switched 4 times during split
data.reorganized/NZDCHF merged
data.reorganized/NZDCHF switched 1 times during split
data.reorganized/NZDCHF merged
data.reorganized/NZDCHF switched 0 times during split
data.reorganized/NZDCHF: 0 duplicates removed

data.reorganized/XAUAUD switched 62 times during split
data.reorganized/XAUAUD merged
data.reorganized/XAUAUD switched 1 times during split
data.reorganized/XAUAUD merged
data.reorganized/XAUAUD switched 0 times during split
data.reorganized/XAUAUD: 0 duplicates removed

data.reorganized/EURNOK switched 564 times during split
data.reorganized/EURNOK merged
data.reorganized/EURNOK switched 9 times during split
data.reorganized/EURNOK merged
data.reorganized/EURNOK switched 4 times during split
data.reorganized/EURNOK merged
data.reorganized/EURNOK switched 2 times during split
data.reorganized/EURNOK merged
data.reorganized/EURNOK switched 1 times during split
data.reorganized/EURNOK merged
data.reorganized/EURNOK switched 0 times during split
data.reorganized/EURNOK: 0 duplicates removed

data.reorganized/GBPUSD switched 54032 times during split
data.reorganized/GBPUSD merged
data.reorganized/GBPUSD switched 17302 times during split
data.reorganized/GBPUSD merged
data.reorganized/GBPUSD switched 7122 times during split
data.reorganized/GBPUSD merged
data.reorganized/GBPUSD switched 3560 times during split
data.reorganized/GBPUSD merged
data.reorganized/GBPUSD switched 1780 times during split
data.reorganized/GBPUSD merged
data.reorganized/GBPUSD switched 889 times during split
data.reorganized/GBPUSD merged
data.reorganized/GBPUSD switched 444 times during split
data.reorganized/GBPUSD merged
data.reorganized/GBPUSD switched 222 times during split
data.reorganized/GBPUSD merged
data.reorganized/GBPUSD switched 109 times during split
data.reorganized/GBPUSD merged
data.reorganized/GBPUSD switched 54 times during split
data.reorganized/GBPUSD merged
data.reorganized/GBPUSD switched 26 times during split
data.reorganized/GBPUSD merged
data.reorganized/GBPUSD switched 12 times during split
data.reorganized/GBPUSD merged
data.reorganized/GBPUSD switched 6 times during split
data.reorganized/GBPUSD merged
data.reorganized/GBPUSD switched 2 times during split
data.reorganized/GBPUSD merged
data.reorganized/GBPUSD switched 1 times during split
data.reorganized/GBPUSD merged
data.reorganized/GBPUSD switched 0 times during split
data.reorganized/GBPUSD: 5730033 duplicates removed

data.reorganized/USDSEK switched 16147 times during split
data.reorganized/USDSEK merged
data.reorganized/USDSEK switched 7 times during split
data.reorganized/USDSEK merged
data.reorganized/USDSEK switched 3 times during split
data.reorganized/USDSEK merged
data.reorganized/USDSEK switched 1 times during split
data.reorganized/USDSEK merged
data.reorganized/USDSEK switched 0 times during split
data.reorganized/USDSEK: 0 duplicates removed

data.reorganized/USDCHF switched 39692 times during split
data.reorganized/USDCHF merged
data.reorganized/USDCHF switched 11480 times during split
data.reorganized/USDCHF merged
data.reorganized/USDCHF switched 5309 times during split
data.reorganized/USDCHF merged
data.reorganized/USDCHF switched 2654 times during split
data.reorganized/USDCHF merged
data.reorganized/USDCHF switched 1325 times during split
data.reorganized/USDCHF merged
data.reorganized/USDCHF switched 659 times during split
data.reorganized/USDCHF merged
data.reorganized/USDCHF switched 327 times during split
data.reorganized/USDCHF merged
data.reorganized/USDCHF switched 163 times during split
data.reorganized/USDCHF merged
data.reorganized/USDCHF switched 81 times during split
data.reorganized/USDCHF merged
data.reorganized/USDCHF switched 40 times during split
data.reorganized/USDCHF merged
data.reorganized/USDCHF switched 20 times during split
data.reorganized/USDCHF merged
data.reorganized/USDCHF switched 10 times during split
data.reorganized/USDCHF merged
data.reorganized/USDCHF switched 5 times during split
data.reorganized/USDCHF merged
data.reorganized/USDCHF switched 2 times during split
data.reorganized/USDCHF merged
data.reorganized/USDCHF switched 1 times during split
data.reorganized/USDCHF merged
data.reorganized/USDCHF switched 0 times during split
data.reorganized/USDCHF: 5618114 duplicates removed

data.reorganized/USDHKD switched 19 times during split
data.reorganized/USDHKD merged
data.reorganized/USDHKD switched 9 times during split
data.reorganized/USDHKD merged
data.reorganized/USDHKD switched 1 times during split
data.reorganized/USDHKD merged
data.reorganized/USDHKD switched 0 times during split
data.reorganized/USDHKD: 0 duplicates removed

data.reorganized/EURCHF switched 33797 times during split
data.reorganized/EURCHF merged
data.reorganized/EURCHF switched 9730 times during split
data.reorganized/EURCHF merged
data.reorganized/EURCHF switched 4851 times during split
data.reorganized/EURCHF merged
data.reorganized/EURCHF switched 1983 times during split
data.reorganized/EURCHF merged
data.reorganized/EURCHF switched 991 times during split
data.reorganized/EURCHF merged
data.reorganized/EURCHF switched 495 times during split
data.reorganized/EURCHF merged
data.reorganized/EURCHF switched 247 times during split
data.reorganized/EURCHF merged
data.reorganized/EURCHF switched 120 times during split
data.reorganized/EURCHF merged
data.reorganized/EURCHF switched 60 times during split
data.reorganized/EURCHF merged
data.reorganized/EURCHF switched 30 times during split
data.reorganized/EURCHF merged
data.reorganized/EURCHF switched 15 times during split
data.reorganized/EURCHF merged
data.reorganized/EURCHF switched 7 times during split
data.reorganized/EURCHF merged
data.reorganized/EURCHF switched 3 times during split
data.reorganized/EURCHF merged
data.reorganized/EURCHF switched 1 times during split
data.reorganized/EURCHF merged
data.reorganized/EURCHF switched 0 times during split
data.reorganized/EURCHF: 3276356 duplicates removed

data.reorganized/EURJPY switched 148558 times during split
data.reorganized/EURJPY merged
data.reorganized/EURJPY switched 38186 times during split
data.reorganized/EURJPY merged
data.reorganized/EURJPY switched 18778 times during split
data.reorganized/EURJPY merged
data.reorganized/EURJPY switched 9387 times during split
data.reorganized/EURJPY merged
data.reorganized/EURJPY switched 4692 times during split
data.reorganized/EURJPY merged
data.reorganized/EURJPY switched 2346 times during split
data.reorganized/EURJPY merged
data.reorganized/EURJPY switched 1173 times during split
data.reorganized/EURJPY merged
data.reorganized/EURJPY switched 586 times during split
data.reorganized/EURJPY merged
data.reorganized/EURJPY switched 286 times during split
data.reorganized/EURJPY merged
data.reorganized/EURJPY switched 139 times during split
data.reorganized/EURJPY merged
data.reorganized/EURJPY switched 68 times during split
data.reorganized/EURJPY merged
data.reorganized/EURJPY switched 32 times during split
data.reorganized/EURJPY merged
data.reorganized/EURJPY switched 13 times during split
data.reorganized/EURJPY merged
data.reorganized/EURJPY switched 6 times during split
data.reorganized/EURJPY merged
data.reorganized/EURJPY switched 3 times during split
data.reorganized/EURJPY merged
data.reorganized/EURJPY switched 1 times during split
data.reorganized/EURJPY merged
data.reorganized/EURJPY switched 0 times during split
data.reorganized/EURJPY: 9094522 duplicates removed

data.reorganized/SGDJPY switched 3853 times during split
data.reorganized/SGDJPY merged
data.reorganized/SGDJPY switched 11 times during split
data.reorganized/SGDJPY merged
data.reorganized/SGDJPY switched 4 times during split
data.reorganized/SGDJPY merged
data.reorganized/SGDJPY switched 2 times during split
data.reorganized/SGDJPY merged
data.reorganized/SGDJPY switched 1 times during split
data.reorganized/SGDJPY merged
data.reorganized/SGDJPY switched 0 times during split
data.reorganized/SGDJPY: 0 duplicates removed

data.reorganized/XAUUSD switched 44 times during split
data.reorganized/XAUUSD merged
data.reorganized/XAUUSD switched 3 times during split
data.reorganized/XAUUSD merged
data.reorganized/XAUUSD switched 1 times during split
data.reorganized/XAUUSD merged
data.reorganized/XAUUSD switched 0 times during split
data.reorganized/XAUUSD: 0 duplicates removed

data.reorganized/CADCHF switched 8095 times during split
data.reorganized/CADCHF merged
data.reorganized/CADCHF switched 15 times during split
data.reorganized/CADCHF merged
data.reorganized/CADCHF switched 5 times during split
data.reorganized/CADCHF merged
data.reorganized/CADCHF switched 2 times during split
data.reorganized/CADCHF merged
data.reorganized/CADCHF switched 1 times during split
data.reorganized/CADCHF merged
data.reorganized/CADCHF switched 0 times during split
data.reorganized/CADCHF: 0 duplicates removed

data.reorganized/EURCAD switched 13495 times during split
data.reorganized/EURCAD merged
data.reorganized/EURCAD switched 28 times during split
data.reorganized/EURCAD merged
data.reorganized/EURCAD switched 7 times during split
data.reorganized/EURCAD merged
data.reorganized/EURCAD switched 3 times during split
data.reorganized/EURCAD merged
data.reorganized/EURCAD switched 1 times during split
data.reorganized/EURCAD merged
data.reorganized/EURCAD switched 0 times during split
data.reorganized/EURCAD: 0 duplicates removed

data.reorganized/GBPCAD switched 12871 times during split
data.reorganized/GBPCAD merged
data.reorganized/GBPCAD switched 10 times during split
data.reorganized/GBPCAD merged
data.reorganized/GBPCAD switched 4 times during split
data.reorganized/GBPCAD merged
data.reorganized/GBPCAD switched 2 times during split
data.reorganized/GBPCAD merged
data.reorganized/GBPCAD switched 0 times during split
data.reorganized/GBPCAD: 0 duplicates removed

data.reorganized/EURGBP switched 25482 times during split
data.reorganized/EURGBP merged
data.reorganized/EURGBP switched 6348 times during split
data.reorganized/EURGBP merged
data.reorganized/EURGBP switched 3095 times during split
data.reorganized/EURGBP merged
data.reorganized/EURGBP switched 1543 times during split
data.reorganized/EURGBP merged
data.reorganized/EURGBP switched 771 times during split
data.reorganized/EURGBP merged
data.reorganized/EURGBP switched 385 times during split
data.reorganized/EURGBP merged
data.reorganized/EURGBP switched 190 times during split
data.reorganized/EURGBP merged
data.reorganized/EURGBP switched 93 times during split
data.reorganized/EURGBP merged
data.reorganized/EURGBP switched 46 times during split
data.reorganized/EURGBP merged
data.reorganized/EURGBP switched 23 times during split
data.reorganized/EURGBP merged
data.reorganized/EURGBP switched 11 times during split
data.reorganized/EURGBP merged
data.reorganized/EURGBP switched 3 times during split
data.reorganized/EURGBP merged
data.reorganized/EURGBP switched 1 times during split
data.reorganized/EURGBP merged
data.reorganized/EURGBP switched 0 times during split
data.reorganized/EURGBP: 3534545 duplicates removed

data.reorganized/AUDNZD switched 7506 times during split
data.reorganized/AUDNZD merged
data.reorganized/AUDNZD switched 21 times during split
data.reorganized/AUDNZD merged
data.reorganized/AUDNZD switched 4 times during split
data.reorganized/AUDNZD merged
data.reorganized/AUDNZD switched 2 times during split
data.reorganized/AUDNZD merged
data.reorganized/AUDNZD switched 1 times during split
data.reorganized/AUDNZD merged
data.reorganized/AUDNZD switched 0 times during split
data.reorganized/AUDNZD: 0 duplicates removed

data.reorganized/XAUEUR switched 72 times during split
data.reorganized/XAUEUR merged
data.reorganized/XAUEUR switched 1 times during split
data.reorganized/XAUEUR merged
data.reorganized/XAUEUR switched 0 times during split
data.reorganized/XAUEUR: 0 duplicates removed

data.reorganized/CHFJPY switched 59635 times during split
data.reorganized/CHFJPY merged
data.reorganized/CHFJPY switched 18344 times during split
data.reorganized/CHFJPY merged
data.reorganized/CHFJPY switched 9035 times during split
data.reorganized/CHFJPY merged
data.reorganized/CHFJPY switched 4231 times during split
data.reorganized/CHFJPY merged
data.reorganized/CHFJPY switched 2115 times during split
data.reorganized/CHFJPY merged
data.reorganized/CHFJPY switched 1057 times during split
data.reorganized/CHFJPY merged
data.reorganized/CHFJPY switched 527 times during split
data.reorganized/CHFJPY merged
data.reorganized/CHFJPY switched 262 times during split
data.reorganized/CHFJPY merged
data.reorganized/CHFJPY switched 129 times during split
data.reorganized/CHFJPY merged
data.reorganized/CHFJPY switched 64 times during split
data.reorganized/CHFJPY merged
data.reorganized/CHFJPY switched 31 times during split
data.reorganized/CHFJPY merged
data.reorganized/CHFJPY switched 11 times during split
data.reorganized/CHFJPY merged
data.reorganized/CHFJPY switched 4 times during split
data.reorganized/CHFJPY merged
data.reorganized/CHFJPY switched 2 times during split
data.reorganized/CHFJPY merged
data.reorganized/CHFJPY switched 1 times during split
data.reorganized/CHFJPY merged
data.reorganized/CHFJPY switched 0 times during split
data.reorganized/CHFJPY: 6826971 duplicates removed

data.reorganized/GBPJPY switched 131325 times during split
data.reorganized/GBPJPY merged
data.reorganized/GBPJPY switched 42210 times during split
data.reorganized/GBPJPY merged
data.reorganized/GBPJPY switched 18898 times during split
data.reorganized/GBPJPY merged
data.reorganized/GBPJPY switched 9446 times during split
data.reorganized/GBPJPY merged
data.reorganized/GBPJPY switched 4723 times during split
data.reorganized/GBPJPY merged
data.reorganized/GBPJPY switched 2361 times during split
data.reorganized/GBPJPY merged
data.reorganized/GBPJPY switched 1180 times during split
data.reorganized/GBPJPY merged
data.reorganized/GBPJPY switched 584 times during split
data.reorganized/GBPJPY merged
data.reorganized/GBPJPY switched 291 times during split
data.reorganized/GBPJPY merged
data.reorganized/GBPJPY switched 145 times during split
data.reorganized/GBPJPY merged
data.reorganized/GBPJPY switched 72 times during split
data.reorganized/GBPJPY merged
data.reorganized/GBPJPY switched 36 times during split
data.reorganized/GBPJPY merged
data.reorganized/GBPJPY switched 17 times during split
data.reorganized/GBPJPY merged
data.reorganized/GBPJPY switched 8 times during split
data.reorganized/GBPJPY merged
data.reorganized/GBPJPY switched 1 times during split
data.reorganized/GBPJPY merged
data.reorganized/GBPJPY switched 0 times during split
data.reorganized/GBPJPY: 12553396 duplicates removed

data.reorganized/GBPAUD switched 14764 times during split
data.reorganized/GBPAUD merged
data.reorganized/GBPAUD switched 9 times during split
data.reorganized/GBPAUD merged
data.reorganized/GBPAUD switched 4 times during split
data.reorganized/GBPAUD merged
data.reorganized/GBPAUD switched 2 times during split
data.reorganized/GBPAUD merged
data.reorganized/GBPAUD switched 0 times during split
data.reorganized/GBPAUD: 0 duplicates removed

data.reorganized/XAUCHF switched 53 times during split
data.reorganized/XAUCHF merged
data.reorganized/XAUCHF switched 2 times during split
data.reorganized/XAUCHF merged
data.reorganized/XAUCHF switched 1 times during split
data.reorganized/XAUCHF merged
data.reorganized/XAUCHF switched 0 times during split
data.reorganized/XAUCHF: 0 duplicates removed

data.reorganized/EUDAUD switched 0 times during split
data.reorganized/EUDAUD: 0 duplicates removed

data.reorganized/NZDUSD switched 10694 times during split
data.reorganized/NZDUSD merged
data.reorganized/NZDUSD switched 3684 times during split
data.reorganized/NZDUSD merged
data.reorganized/NZDUSD switched 1402 times during split
data.reorganized/NZDUSD merged
data.reorganized/NZDUSD switched 698 times during split
data.reorganized/NZDUSD merged
data.reorganized/NZDUSD switched 349 times during split
data.reorganized/NZDUSD merged
data.reorganized/NZDUSD switched 174 times during split
data.reorganized/NZDUSD merged
data.reorganized/NZDUSD switched 87 times during split
data.reorganized/NZDUSD merged
data.reorganized/NZDUSD switched 43 times during split
data.reorganized/NZDUSD merged
data.reorganized/NZDUSD switched 21 times during split
data.reorganized/NZDUSD merged
data.reorganized/NZDUSD switched 10 times during split
data.reorganized/NZDUSD merged
data.reorganized/NZDUSD switched 5 times during split
data.reorganized/NZDUSD merged
data.reorganized/NZDUSD switched 2 times during split
data.reorganized/NZDUSD merged
data.reorganized/NZDUSD switched 1 times during split
data.reorganized/NZDUSD merged
data.reorganized/NZDUSD switched 0 times during split
data.reorganized/NZDUSD: 324849 duplicates removed

data.reorganized/XAGUSD switched 28 times during split
data.reorganized/XAGUSD merged
data.reorganized/XAGUSD switched 1 times during split
data.reorganized/XAGUSD merged
data.reorganized/XAGUSD switched 0 times during split
data.reorganized/XAGUSD: 0 duplicates removed

data.reorganized/AUDCAD switched 2480 times during split
data.reorganized/AUDCAD merged
data.reorganized/AUDCAD switched 8 times during split
data.reorganized/AUDCAD merged
data.reorganized/AUDCAD switched 3 times during split
data.reorganized/AUDCAD merged
data.reorganized/AUDCAD switched 1 times during split
data.reorganized/AUDCAD merged
data.reorganized/AUDCAD switched 0 times during split
data.reorganized/AUDCAD: 0 duplicates removed

data.reorganized/USDSGD switched 394 times during split
data.reorganized/USDSGD merged
data.reorganized/USDSGD switched 3 times during split
data.reorganized/USDSGD merged
data.reorganized/USDSGD switched 1 times during split
data.reorganized/USDSGD merged
data.reorganized/USDSGD switched 0 times during split
data.reorganized/USDSGD: 0 duplicates removed

data.reorganized/USDHDK switched 33 times during split
data.reorganized/USDHDK merged
data.reorganized/USDHDK switched 0 times during split
data.reorganized/USDHDK: 0 duplicates removed

data.reorganized/EURNZD switched 11818 times during split
data.reorganized/EURNZD merged
data.reorganized/EURNZD switched 6 times during split
data.reorganized/EURNZD merged
data.reorganized/EURNZD switched 2 times during split
data.reorganized/EURNZD merged
data.reorganized/EURNZD switched 1 times during split
data.reorganized/EURNZD merged
data.reorganized/EURNZD switched 0 times during split
data.reorganized/EURNZD: 0 duplicates removed

data.reorganized/AUDCHF switched 9210 times during split
data.reorganized/AUDCHF merged
data.reorganized/AUDCHF switched 16 times during split
data.reorganized/AUDCHF merged
data.reorganized/AUDCHF switched 3 times during split
data.reorganized/AUDCHF merged
data.reorganized/AUDCHF switched 1 times during split
data.reorganized/AUDCHF merged
data.reorganized/AUDCHF switched 0 times during split
data.reorganized/AUDCHF: 0 duplicates removed

data.reorganized/EURSEK switched 753 times during split
data.reorganized/EURSEK merged
data.reorganized/EURSEK switched 5 times during split
data.reorganized/EURSEK merged
data.reorganized/EURSEK switched 1 times during split
data.reorganized/EURSEK merged
data.reorganized/EURSEK switched 0 times during split
data.reorganized/EURSEK: 0 duplicates removed

data.reorganized/AUDJPY switched 34010 times during split
data.reorganized/AUDJPY merged
data.reorganized/AUDJPY switched 10528 times during split
data.reorganized/AUDJPY merged
data.reorganized/AUDJPY switched 5241 times during split
data.reorganized/AUDJPY merged
data.reorganized/AUDJPY switched 2595 times during split
data.reorganized/AUDJPY merged
data.reorganized/AUDJPY switched 1296 times during split
data.reorganized/AUDJPY merged
data.reorganized/AUDJPY switched 646 times during split
data.reorganized/AUDJPY merged
data.reorganized/AUDJPY switched 320 times during split
data.reorganized/AUDJPY merged
data.reorganized/AUDJPY switched 158 times during split
data.reorganized/AUDJPY merged
data.reorganized/AUDJPY switched 77 times during split
data.reorganized/AUDJPY merged
data.reorganized/AUDJPY switched 38 times during split
data.reorganized/AUDJPY merged
data.reorganized/AUDJPY switched 18 times during split
data.reorganized/AUDJPY merged
data.reorganized/AUDJPY switched 9 times during split
data.reorganized/AUDJPY merged
data.reorganized/AUDJPY switched 4 times during split
data.reorganized/AUDJPY merged
data.reorganized/AUDJPY switched 2 times during split
data.reorganized/AUDJPY merged
data.reorganized/AUDJPY switched 1 times during split
data.reorganized/AUDJPY merged
data.reorganized/AUDJPY switched 0 times during split
data.reorganized/AUDJPY: 7178401 duplicates removed

data.reorganized/USDDKK switched 13934 times during split
data.reorganized/USDDKK merged
data.reorganized/USDDKK switched 3 times during split
data.reorganized/USDDKK merged
data.reorganized/USDDKK switched 1 times during split
data.reorganized/USDDKK merged
data.reorganized/USDDKK switched 0 times during split
data.reorganized/USDDKK: 0 duplicates removed

data.reorganized/EURAUD switched 108813 times during split
data.reorganized/EURAUD merged
data.reorganized/EURAUD switched 31492 times during split
data.reorganized/EURAUD merged
data.reorganized/EURAUD switched 15528 times during split
data.reorganized/EURAUD merged
data.reorganized/EURAUD switched 7762 times during split
data.reorganized/EURAUD merged
data.reorganized/EURAUD switched 3881 times during split
data.reorganized/EURAUD merged
data.reorganized/EURAUD switched 1940 times during split
data.reorganized/EURAUD merged
data.reorganized/EURAUD switched 968 times during split
data.reorganized/EURAUD merged
data.reorganized/EURAUD switched 477 times during split
data.reorganized/EURAUD merged
data.reorganized/EURAUD switched 238 times during split
data.reorganized/EURAUD merged
data.reorganized/EURAUD switched 117 times during split
data.reorganized/EURAUD merged
data.reorganized/EURAUD switched 57 times during split
data.reorganized/EURAUD merged
data.reorganized/EURAUD switched 27 times during split
data.reorganized/EURAUD merged
data.reorganized/EURAUD switched 11 times during split
data.reorganized/EURAUD merged
data.reorganized/EURAUD switched 3 times during split
data.reorganized/EURAUD merged
data.reorganized/EURAUD switched 1 times during split
data.reorganized/EURAUD merged
data.reorganized/EURAUD switched 0 times during split
data.reorganized/EURAUD: 9982163 duplicates removed

data.reorganized/XAUGBP switched 59 times during split
data.reorganized/XAUGBP merged
data.reorganized/XAUGBP switched 2 times during split
data.reorganized/XAUGBP merged
data.reorganized/XAUGBP switched 1 times during split
data.reorganized/XAUGBP merged
data.reorganized/XAUGBP switched 0 times during split
data.reorganized/XAUGBP: 0 duplicates removed

data.reorganized/EURDKK switched 56 times during split
data.reorganized/EURDKK merged
data.reorganized/EURDKK switched 9 times during split
data.reorganized/EURDKK merged
data.reorganized/EURDKK switched 4 times during split
data.reorganized/EURDKK merged
data.reorganized/EURDKK switched 2 times during split
data.reorganized/EURDKK merged
data.reorganized/EURDKK switched 1 times during split
data.reorganized/EURDKK merged
data.reorganized/EURDKK switched 0 times during split
data.reorganized/EURDKK: 0 duplicates removed

data.reorganized/USDCAD switched 15542 times during split
data.reorganized/USDCAD merged
data.reorganized/USDCAD switched 4166 times during split
data.reorganized/USDCAD merged
data.reorganized/USDCAD switched 2034 times during split
data.reorganized/USDCAD merged
data.reorganized/USDCAD switched 1016 times during split
data.reorganized/USDCAD merged
data.reorganized/USDCAD switched 507 times during split
data.reorganized/USDCAD merged
data.reorganized/USDCAD switched 251 times during split
data.reorganized/USDCAD merged
data.reorganized/USDCAD switched 125 times during split
data.reorganized/USDCAD merged
data.reorganized/USDCAD switched 62 times during split
data.reorganized/USDCAD merged
data.reorganized/USDCAD switched 31 times during split
data.reorganized/USDCAD merged
data.reorganized/USDCAD switched 15 times during split
data.reorganized/USDCAD merged
data.reorganized/USDCAD switched 7 times during split
data.reorganized/USDCAD merged
data.reorganized/USDCAD switched 3 times during split
data.reorganized/USDCAD merged
data.reorganized/USDCAD switched 1 times during split
data.reorganized/USDCAD merged
data.reorganized/USDCAD switched 0 times during split
data.reorganized/USDCAD: 2674492 duplicates removed

data.reorganized/EURUSD switched 74442 times during split
data.reorganized/EURUSD merged
data.reorganized/EURUSD switched 25903 times during split
data.reorganized/EURUSD merged
data.reorganized/EURUSD switched 11598 times during split
data.reorganized/EURUSD merged
data.reorganized/EURUSD switched 5796 times during split
data.reorganized/EURUSD merged
data.reorganized/EURUSD switched 2898 times during split
data.reorganized/EURUSD merged
data.reorganized/EURUSD switched 1449 times during split
data.reorganized/EURUSD merged
data.reorganized/EURUSD switched 724 times during split
data.reorganized/EURUSD merged
data.reorganized/EURUSD switched 362 times during split
data.reorganized/EURUSD merged
data.reorganized/EURUSD switched 181 times during split
data.reorganized/EURUSD merged
data.reorganized/EURUSD switched 90 times during split
data.reorganized/EURUSD merged
data.reorganized/EURUSD switched 45 times during split
data.reorganized/EURUSD merged
data.reorganized/EURUSD switched 22 times during split
data.reorganized/EURUSD merged
data.reorganized/EURUSD switched 11 times during split
data.reorganized/EURUSD merged
data.reorganized/EURUSD switched 5 times during split
data.reorganized/EURUSD merged
data.reorganized/EURUSD switched 2 times during split
data.reorganized/EURUSD merged
data.reorganized/EURUSD switched 1 times during split
data.reorganized/EURUSD merged
data.reorganized/EURUSD switched 0 times during split
data.reorganized/EURUSD: 5407163 duplicates removed

data.reorganized/GBPCHF switched 162914 times during split
data.reorganized/GBPCHF merged
data.reorganized/GBPCHF switched 50624 times during split
data.reorganized/GBPCHF merged
data.reorganized/GBPCHF switched 24894 times during split
data.reorganized/GBPCHF merged
data.reorganized/GBPCHF switched 12438 times during split
data.reorganized/GBPCHF merged
data.reorganized/GBPCHF switched 6218 times during split
data.reorganized/GBPCHF merged
data.reorganized/GBPCHF switched 3109 times during split
data.reorganized/GBPCHF merged
data.reorganized/GBPCHF switched 1554 times during split
data.reorganized/GBPCHF merged
data.reorganized/GBPCHF switched 776 times during split
data.reorganized/GBPCHF merged
data.reorganized/GBPCHF switched 387 times during split
data.reorganized/GBPCHF merged
data.reorganized/GBPCHF switched 193 times during split
data.reorganized/GBPCHF merged
data.reorganized/GBPCHF switched 96 times during split
data.reorganized/GBPCHF merged
data.reorganized/GBPCHF switched 48 times during split
data.reorganized/GBPCHF merged
data.reorganized/GBPCHF switched 23 times during split
data.reorganized/GBPCHF merged
data.reorganized/GBPCHF switched 10 times during split
data.reorganized/GBPCHF merged
data.reorganized/GBPCHF switched 5 times during split
data.reorganized/GBPCHF merged
data.reorganized/GBPCHF switched 2 times during split
data.reorganized/GBPCHF merged
data.reorganized/GBPCHF switched 1 times during split
data.reorganized/GBPCHF merged
data.reorganized/GBPCHF switched 0 times during split
data.reorganized/GBPCHF: 13267502 duplicates removed

data.reorganized/NZDJPY switched 4271 times during split
data.reorganized/NZDJPY merged
data.reorganized/NZDJPY switched 8 times during split
data.reorganized/NZDJPY merged
data.reorganized/NZDJPY switched 2 times during split
data.reorganized/NZDJPY merged
data.reorganized/NZDJPY switched 1 times during split
data.reorganized/NZDJPY merged
data.reorganized/NZDJPY switched 0 times during split
data.reorganized/NZDJPY: 0 duplicates removed

data.reorganized/CADJPY switched 5918 times during split
data.reorganized/CADJPY merged
data.reorganized/CADJPY switched 5 times during split
data.reorganized/CADJPY merged
data.reorganized/CADJPY switched 2 times during split
data.reorganized/CADJPY merged
data.reorganized/CADJPY switched 1 times during split
data.reorganized/CADJPY merged
data.reorganized/CADJPY switched 0 times during split
data.reorganized/CADJPY: 0 duplicates removed

data.reorganized/AUDUSD switched 9884 times during split
data.reorganized/AUDUSD merged
data.reorganized/AUDUSD switched 2200 times during split
data.reorganized/AUDUSD merged
data.reorganized/AUDUSD switched 1094 times during split
data.reorganized/AUDUSD merged
data.reorganized/AUDUSD switched 386 times during split
data.reorganized/AUDUSD merged
data.reorganized/AUDUSD switched 189 times during split
data.reorganized/AUDUSD merged
data.reorganized/AUDUSD switched 52 times during split
data.reorganized/AUDUSD merged
data.reorganized/AUDUSD switched 26 times during split
data.reorganized/AUDUSD merged
data.reorganized/AUDUSD switched 13 times during split
data.reorganized/AUDUSD merged
data.reorganized/AUDUSD switched 6 times during split
data.reorganized/AUDUSD merged
data.reorganized/AUDUSD switched 3 times during split
data.reorganized/AUDUSD merged
data.reorganized/AUDUSD switched 1 times during split
data.reorganized/AUDUSD merged
data.reorganized/AUDUSD switched 0 times during split
data.reorganized/AUDUSD: 2859320 duplicates removed

data.reorganized/USDNOK switched 13520 times during split
data.reorganized/USDNOK merged
data.reorganized/USDNOK switched 6 times during split
data.reorganized/USDNOK merged
data.reorganized/USDNOK switched 2 times during split
data.reorganized/USDNOK merged
data.reorganized/USDNOK switched 1 times during split
data.reorganized/USDNOK merged
data.reorganized/USDNOK switched 0 times during split
data.reorganized/USDNOK: 0 duplicates removed

data.reorganized/NZDCAD switched 4273 times during split
data.reorganized/NZDCAD merged
data.reorganized/NZDCAD switched 1 times during split
data.reorganized/NZDCAD merged
data.reorganized/NZDCAD switched 0 times during split
data.reorganized/NZDCAD: 0 duplicates removed

